2025-10-25 13:28:27,804 | INFO | __main__ | Using device: cuda
2025-10-25 13:28:27,804 | WARNING | __main__ | No videos found for class Adjectives
2025-10-25 13:28:27,804 | WARNING | __main__ | No videos found for class Animals
2025-10-25 13:28:27,804 | WARNING | __main__ | No videos found for class Clothes
2025-10-25 13:28:27,804 | WARNING | __main__ | No videos found for class Colours
2025-10-25 13:28:27,804 | WARNING | __main__ | No videos found for class Days_and_Time
2025-10-25 13:28:27,804 | WARNING | __main__ | No videos found for class Greetings
2025-10-25 13:28:27,804 | WARNING | __main__ | No videos found for class People
2025-10-25 13:28:27,804 | WARNING | __main__ | No videos found for class Pronouns
2025-10-25 13:29:41,936 | INFO | __main__ | Using device: cuda
2025-10-25 13:29:41,941 | INFO | __main__ | Discovered 54 classes | 809 training videos | 225 validation videos
2025-10-25 13:29:44,658 | INFO | __main__ | Starting training loop
2025-10-25 13:31:03,116 | INFO | __main__ | Using device: cuda
2025-10-25 13:31:03,137 | INFO | __main__ | Discovered 54 classes | 809 training videos | 225 validation videos
2025-10-25 13:31:05,058 | INFO | __main__ | Starting training loop
2025-10-25 13:31:59,582 | INFO | __main__ | Using device: cuda
2025-10-25 13:31:59,604 | INFO | __main__ | Discovered 54 classes | 809 training videos | 225 validation videos
2025-10-25 13:32:00,949 | INFO | __main__ | Starting training loop
2025-10-25 13:34:06,232 | INFO | __main__ | Using device: cuda
2025-10-25 13:34:06,259 | INFO | __main__ | Discovered 54 classes | 809 training videos | 225 validation videos
2025-10-25 13:34:07,740 | INFO | __main__ | Starting training loop
2025-10-25 15:27:49,963 | INFO | __main__ | Using device: cuda
2025-10-25 15:27:49,985 | INFO | __main__ | Discovered 54 classes | 224 training videos | 63 validation videos
2025-10-25 15:27:52,638 | INFO | __main__ | Starting training loop
2025-10-25 15:29:12,707 | INFO | __main__ | Epoch 1 | Train loss: 4.0193 acc: 0.0134 | Val loss: 3.9930 acc: 0.0159
2025-10-25 15:29:12,829 | INFO | __main__ | Saved improved checkpoint to models/checkpoints/sign_recognition/baseline_cnn_lstm.pt (val acc 0.0159)
2025-10-25 15:30:27,468 | INFO | __main__ | Epoch 2 | Train loss: 4.0005 acc: 0.0134 | Val loss: 3.9906 acc: 0.0159
2025-10-25 15:31:45,012 | INFO | __main__ | Epoch 3 | Train loss: 3.9974 acc: 0.0134 | Val loss: 3.9777 acc: 0.0159
2025-10-25 15:33:04,408 | INFO | __main__ | Epoch 4 | Train loss: 3.9937 acc: 0.0134 | Val loss: 3.9710 acc: 0.0159
2025-10-25 15:34:25,813 | INFO | __main__ | Epoch 5 | Train loss: 3.9671 acc: 0.0179 | Val loss: 3.8792 acc: 0.0317
2025-10-25 15:34:25,952 | INFO | __main__ | Saved improved checkpoint to models/checkpoints/sign_recognition/baseline_cnn_lstm.pt (val acc 0.0317)
2025-10-25 15:57:56,658 | INFO | __main__ | Using device: cuda
2025-10-25 15:57:56,662 | INFO | __main__ | Discovered 54 classes | 224 training videos | 63 validation videos
2025-10-25 15:57:58,581 | INFO | __main__ | Starting training loop
2025-10-25 15:59:15,685 | INFO | __main__ | Epoch 1 | Train loss: 4.0069 acc: 0.0089 | Val loss: 3.9956 acc: 0.0159
2025-10-25 15:59:15,741 | INFO | __main__ | Saved improved checkpoint to models/checkpoints/sign_recognition/baseline_cnn_lstm.pt (val acc 0.0159)
2025-10-25 16:00:33,378 | INFO | __main__ | Epoch 2 | Train loss: 4.0100 acc: 0.0089 | Val loss: 3.9974 acc: 0.0159
2025-10-25 16:01:54,132 | INFO | __main__ | Epoch 3 | Train loss: 3.9946 acc: 0.0223 | Val loss: 3.9955 acc: 0.0159
2025-10-25 16:03:13,248 | INFO | __main__ | Epoch 4 | Train loss: 3.9890 acc: 0.0268 | Val loss: 3.9975 acc: 0.0159
2025-10-25 16:04:34,329 | INFO | __main__ | Epoch 5 | Train loss: 3.9807 acc: 0.0268 | Val loss: 3.9924 acc: 0.0159
2025-10-25 16:05:58,633 | INFO | __main__ | Epoch 6 | Train loss: 3.9978 acc: 0.0223 | Val loss: 3.9982 acc: 0.0159
2025-10-25 16:05:58,634 | INFO | __main__ | Early stopping triggered after 5 epochs without improvement
2025-10-25 16:06:17,257 | INFO | __main__ | Final validation accuracy: 0.0159
2025-10-25 16:06:17,257 | INFO | __main__ | Classification report:
                  precision    recall  f1-score   support

          1. Dog       0.00      0.00      0.00         1
          2. Cat       0.00      0.00      0.00         1
         3. Fish       0.00      0.00      0.00         1
        3. happy       0.00      0.00      0.00         1
         4. Bird       0.00      0.00      0.00         1
          4. sad       0.00      0.00      0.00         1
           40. I       0.00      0.00      0.00         2
         41. you       0.00      0.00      0.00         2
     42. T-Shirt       0.00      0.00      0.00         1
          42. he       0.00      0.00      0.00         2
        43. Pant       0.00      0.00      0.00         1
         43. she       0.00      0.00      0.00         2
       44. Shoes       0.00      0.00      0.00         1
          44. it       0.00      0.00      0.00         2
      45. Pocket       0.00      0.00      0.00         1
          45. we       0.00      0.00      0.00         2
    46. Clothing       0.00      0.00      0.00         1
46. you (plural)       0.00      0.00      0.00         2
         47. Red       0.00      0.00      0.00         1
        47. they       0.00      0.00      0.00         2
       48. Green       0.00      0.00      0.00         1
       48. Hello       0.00      0.00      0.00         1
        49. Blue       0.00      0.00      0.00         1
 49. How are you       0.00      0.00      0.00         1
    5. Beautiful       0.00      0.00      0.00         2
          5. Cow       0.00      0.00      0.00         1
     50. Alright       0.00      0.00      0.00         1
      50. Yellow       0.00      0.00      0.00         1
       51. Brown       0.00      0.00      0.00         1
   55. Thank you       0.00      0.00      0.00         1
     56. Pleased       0.00      0.00      0.00         1
         58. Son       0.00      0.00      0.00         1
    59. Daughter       0.00      0.00      0.00         1
        6. Mouse       0.02      1.00      0.03         1
         6. Ugly       0.00      0.00      0.00         1
      60. Mother       0.00      0.00      0.00         1
      61. Father       0.00      0.00      0.00         1
      62. Parent       0.00      0.00      0.00         1
      66. Sunday       0.00      0.00      0.00         1
      67. Monday       0.00      0.00      0.00         1
        7. Horse       0.00      0.00      0.00         1
       73. Today       0.00      0.00      0.00         1
    74. Tomorrow       0.00      0.00      0.00         1
   75. Yesterday       0.00      0.00      0.00         1
       79. Child       0.00      0.00      0.00         1
       8. Animal       0.00      0.00      0.00         1
       80. Adult       0.00      0.00      0.00         1
      81. Friend       0.00      0.00      0.00         1
      82. Player       0.00      0.00      0.00         1
       83. Crowd       0.00      0.00      0.00         1
         92. old       0.00      0.00      0.00         1
       93. young       0.00      0.00      0.00         1
        94. good       0.00      0.00      0.00         1
         95. bad       0.00      0.00      0.00         1

        accuracy                           0.02        63
       macro avg       0.00      0.02      0.00        63
    weighted avg       0.00      0.02      0.00        63

2025-10-25 16:42:57,184 | INFO | __main__ | Using device: cuda
2025-10-25 16:42:57,192 | INFO | __main__ | Discovered 54 classes | 809 training videos | 225 validation videos
2025-10-25 16:42:59,766 | INFO | __main__ | Starting training loop
2025-10-25 16:47:51,713 | INFO | __main__ | Epoch 1 | Train loss: 4.0003 acc: 0.0210 | Val loss: 3.9977 acc: 0.0178
2025-10-25 16:47:52,007 | INFO | __main__ | Saved improved checkpoint to models/checkpoints/sign_recognition/baseline_cnn_lstm.pt (val acc 0.0178)
2025-10-25 16:52:54,901 | INFO | __main__ | Epoch 2 | Train loss: 3.9939 acc: 0.0173 | Val loss: 3.9993 acc: 0.0178
2025-10-25 16:57:57,441 | INFO | __main__ | Epoch 3 | Train loss: 3.9984 acc: 0.0099 | Val loss: 3.9899 acc: 0.0267
2025-10-25 16:57:57,446 | INFO | __main__ | Saved improved checkpoint to models/checkpoints/sign_recognition/baseline_cnn_lstm.pt (val acc 0.0267)
2025-10-25 17:03:05,067 | INFO | __main__ | Epoch 4 | Train loss: 3.9867 acc: 0.0173 | Val loss: 3.9889 acc: 0.0311
2025-10-25 17:03:05,072 | INFO | __main__ | Saved improved checkpoint to models/checkpoints/sign_recognition/baseline_cnn_lstm.pt (val acc 0.0311)
2025-10-25 17:08:17,528 | INFO | __main__ | Epoch 5 | Train loss: 3.9818 acc: 0.0222 | Val loss: 3.9503 acc: 0.0222
2025-10-25 17:13:20,019 | INFO | __main__ | Epoch 6 | Train loss: 3.9381 acc: 0.0235 | Val loss: 3.8421 acc: 0.0267
2025-10-25 17:20:47,718 | INFO | __main__ | Using device: cuda
2025-10-25 17:20:47,726 | INFO | __main__ | Discovered 54 classes | 809 training videos | 225 validation videos
2025-10-25 17:21:19,604 | INFO | __main__ | Starting training loop
2025-10-25 17:26:11,169 | INFO | __main__ | Epoch 1 | Train loss: 3.9589 acc: 0.0519 top5: 0.2040 | Val loss: 3.7571 acc: 0.0356 top5: 0.2400
2025-10-25 17:26:11,830 | INFO | __main__ | Saved improved checkpoint to models/checkpoints/sign_recognition/baseline_cnn_lstm.pt (val acc 0.0356)
2025-10-25 17:31:17,579 | INFO | __main__ | Epoch 2 | Train loss: 3.3876 acc: 0.0989 top5: 0.3646 | Val loss: 3.3799 acc: 0.1022 top5: 0.4178
2025-10-25 17:31:18,000 | INFO | __main__ | Saved improved checkpoint to models/checkpoints/sign_recognition/baseline_cnn_lstm.pt (val acc 0.1022)
2025-10-25 17:36:24,719 | INFO | __main__ | Epoch 3 | Train loss: 3.0923 acc: 0.1483 top5: 0.4920 | Val loss: 3.3941 acc: 0.0844 top5: 0.3244
2025-10-25 17:41:30,987 | INFO | __main__ | Epoch 4 | Train loss: 2.8283 acc: 0.1619 top5: 0.5674 | Val loss: 2.9259 acc: 0.1556 top5: 0.5378
2025-10-25 17:41:31,391 | INFO | __main__ | Saved improved checkpoint to models/checkpoints/sign_recognition/baseline_cnn_lstm.pt (val acc 0.1556)
2025-10-25 17:46:35,816 | INFO | __main__ | Epoch 5 | Train loss: 2.6076 acc: 0.2176 top5: 0.6279 | Val loss: 3.1170 acc: 0.1467 top5: 0.4844
2025-10-25 17:51:45,581 | INFO | __main__ | Epoch 6 | Train loss: 2.3456 acc: 0.2658 top5: 0.7108 | Val loss: 2.6460 acc: 0.2311 top5: 0.6667
2025-10-25 17:51:45,974 | INFO | __main__ | Saved improved checkpoint to models/checkpoints/sign_recognition/baseline_cnn_lstm.pt (val acc 0.2311)
2025-10-25 17:56:54,723 | INFO | __main__ | Epoch 7 | Train loss: 2.2719 acc: 0.2868 top5: 0.7367 | Val loss: 3.0713 acc: 0.1422 top5: 0.5556
2025-10-25 18:02:02,618 | INFO | __main__ | Epoch 8 | Train loss: 2.1207 acc: 0.3276 top5: 0.7713 | Val loss: 2.7165 acc: 0.2044 top5: 0.6356
2025-10-25 18:07:13,569 | INFO | __main__ | Epoch 9 | Train loss: 1.9134 acc: 0.3585 top5: 0.8232 | Val loss: 2.5627 acc: 0.2533 top5: 0.7422
2025-10-25 18:07:13,980 | INFO | __main__ | Saved improved checkpoint to models/checkpoints/sign_recognition/baseline_cnn_lstm.pt (val acc 0.2533)
2025-10-25 18:12:19,688 | INFO | __main__ | Epoch 10 | Train loss: 1.7912 acc: 0.4116 top5: 0.8789 | Val loss: 2.4602 acc: 0.2400 top5: 0.7778
2025-10-25 18:17:33,375 | INFO | __main__ | Epoch 11 | Train loss: 1.7000 acc: 0.4339 top5: 0.8690 | Val loss: 2.2993 acc: 0.3333 top5: 0.7778
2025-10-25 18:17:33,805 | INFO | __main__ | Saved improved checkpoint to models/checkpoints/sign_recognition/baseline_cnn_lstm.pt (val acc 0.3333)
2025-10-25 18:22:56,966 | INFO | __main__ | Epoch 12 | Train loss: 1.6567 acc: 0.4462 top5: 0.8665 | Val loss: 2.4355 acc: 0.2756 top5: 0.7289
2025-10-25 18:28:10,314 | INFO | __main__ | Epoch 13 | Train loss: 1.5759 acc: 0.4808 top5: 0.8875 | Val loss: 2.4814 acc: 0.2844 top5: 0.7289
2025-10-25 18:33:11,042 | INFO | __main__ | Epoch 14 | Train loss: 1.4840 acc: 0.5068 top5: 0.8937 | Val loss: 2.6325 acc: 0.2533 top5: 0.6622
2025-10-25 18:38:14,770 | INFO | __main__ | Epoch 15 | Train loss: 1.4345 acc: 0.5019 top5: 0.9036 | Val loss: 2.4591 acc: 0.3156 top5: 0.7689
2025-10-25 18:43:19,525 | INFO | __main__ | Epoch 16 | Train loss: 1.3196 acc: 0.5513 top5: 0.9283 | Val loss: 2.4780 acc: 0.2933 top5: 0.7289
2025-10-25 18:48:26,114 | INFO | __main__ | Epoch 17 | Train loss: 1.3451 acc: 0.5340 top5: 0.9209 | Val loss: 2.2857 acc: 0.3422 top5: 0.7289
2025-10-25 18:48:26,537 | INFO | __main__ | Saved improved checkpoint to models/checkpoints/sign_recognition/baseline_cnn_lstm.pt (val acc 0.3422)
2025-10-25 18:53:50,416 | INFO | __main__ | Epoch 18 | Train loss: 1.1981 acc: 0.5847 top5: 0.9481 | Val loss: 2.5222 acc: 0.2800 top5: 0.6400
2025-10-25 18:58:56,341 | INFO | __main__ | Epoch 19 | Train loss: 1.1026 acc: 0.6230 top5: 0.9567 | Val loss: 2.3410 acc: 0.3156 top5: 0.7422
2025-10-25 19:04:04,227 | INFO | __main__ | Epoch 20 | Train loss: 1.1851 acc: 0.5958 top5: 0.9419 | Val loss: 2.4207 acc: 0.2711 top5: 0.7200
2025-10-25 19:09:08,976 | INFO | __main__ | Epoch 21 | Train loss: 1.1003 acc: 0.6143 top5: 0.9419 | Val loss: 2.2481 acc: 0.3378 top5: 0.7378
2025-10-25 19:14:11,724 | INFO | __main__ | Epoch 22 | Train loss: 1.0126 acc: 0.6551 top5: 0.9567 | Val loss: 2.4252 acc: 0.3511 top5: 0.6489
2025-10-25 19:14:12,148 | INFO | __main__ | Saved improved checkpoint to models/checkpoints/sign_recognition/baseline_cnn_lstm.pt (val acc 0.3511)
2025-10-25 19:19:16,646 | INFO | __main__ | Epoch 23 | Train loss: 0.9795 acc: 0.6811 top5: 0.9703 | Val loss: 2.1999 acc: 0.3289 top5: 0.7378
2025-10-25 19:24:26,811 | INFO | __main__ | Epoch 24 | Train loss: 0.9475 acc: 0.6650 top5: 0.9716 | Val loss: 2.5698 acc: 0.3244 top5: 0.6622
2025-10-25 19:29:37,430 | INFO | __main__ | Epoch 25 | Train loss: 0.9278 acc: 0.6761 top5: 0.9654 | Val loss: 2.4421 acc: 0.3200 top5: 0.7067
2025-10-25 19:30:44,127 | INFO | __main__ | Final validation accuracy: 0.3511 | Top-5: 0.6489
2025-10-25 19:30:44,127 | INFO | __main__ | Classification report:
                  precision    recall  f1-score   support

          1. Dog       0.00      0.00      0.00         4
          2. Cat       0.29      1.00      0.44         4
         3. Fish       0.27      1.00      0.42         4
        3. happy       0.45      1.00      0.62         5
         4. Bird       0.00      0.00      0.00         4
          4. sad       1.00      1.00      1.00         2
           40. I       0.00      0.00      0.00         5
         41. you       0.29      0.40      0.33         5
     42. T-Shirt       0.00      0.00      0.00         4
          42. he       1.00      0.20      0.33         5
        43. Pant       0.80      1.00      0.89         4
         43. she       0.00      0.00      0.00         5
       44. Shoes       0.00      0.00      0.00         4
          44. it       1.00      0.40      0.57         5
      45. Pocket       1.00      0.50      0.67         4
          45. we       0.50      0.20      0.29         5
    46. Clothing       0.00      0.00      0.00         4
46. you (plural)       0.00      0.00      0.00         5
         47. Red       0.00      0.00      0.00         4
        47. they       1.00      0.80      0.89         5
       48. Green       0.00      0.00      0.00         4
       48. Hello       0.20      0.60      0.30         5
        49. Blue       0.00      0.00      0.00         4
 49. How are you       0.00      0.00      0.00         5
    5. Beautiful       0.67      1.00      0.80         2
          5. Cow       1.00      0.60      0.75         5
     50. Alright       0.00      0.00      0.00         5
      50. Yellow       0.00      0.00      0.00         4
       51. Brown       0.00      0.00      0.00         5
   55. Thank you       0.17      0.40      0.24         5
     56. Pleased       0.21      0.80      0.33         5
         58. Son       0.43      0.75      0.55         4
    59. Daughter       0.20      0.25      0.22         4
        6. Mouse       0.67      0.50      0.57         4
         6. Ugly       1.00      0.50      0.67         2
      60. Mother       0.00      0.00      0.00         4
      61. Father       0.00      0.00      0.00         4
      62. Parent       0.00      0.00      0.00         4
      66. Sunday       0.00      0.00      0.00         3
      67. Monday       1.00      1.00      1.00         3
        7. Horse       0.00      0.00      0.00         4
       73. Today       0.50      0.67      0.57         3
    74. Tomorrow       0.00      0.00      0.00         3
   75. Yesterday       0.38      1.00      0.55         3
       79. Child       0.00      0.00      0.00         4
       8. Animal       0.00      0.00      0.00         4
       80. Adult       0.18      0.75      0.29         4
      81. Friend       0.21      0.75      0.33         4
      82. Player       1.00      0.25      0.40         4
       83. Crowd       0.00      0.00      0.00         4
         92. old       0.38      1.00      0.56         5
       93. young       0.40      0.40      0.40         5
        94. good       0.19      1.00      0.32         5
         95. bad       0.00      0.00      0.00         5

        accuracy                           0.35       225
       macro avg       0.30      0.37      0.28       225
    weighted avg       0.29      0.35      0.27       225

2025-10-25 19:30:44,127 | INFO | __main__ | Confusion matrix:
[[0 0 4 ... 0 0 0]
 [0 4 0 ... 0 0 0]
 [0 0 4 ... 0 0 0]
 ...
 [0 0 0 ... 2 3 0]
 [0 0 0 ... 0 5 0]
 [0 0 0 ... 0 5 0]]
2025-10-25 20:30:59,325 | INFO | src.train_recognition | Using device: cuda
2025-10-25 20:30:59,336 | INFO | src.train_recognition | Discovered 54 classes | 809 training videos | 225 validation videos
2025-10-25 20:31:00,461 | INFO | src.train_recognition | Starting training loop
2025-10-25 20:35:41,528 | INFO | src.train_recognition | Epoch 1 | Train loss: 3.9589 acc: 0.0519 top5: 0.2040 | Val loss: 3.7571 acc: 0.0356 top5: 0.2400
2025-10-25 20:35:42,586 | INFO | src.train_recognition | Saved improved checkpoint to models/checkpoints/sign_recognition/baseline_cnn_lstm.pt (val acc 0.0356)
2025-10-25 20:40:36,795 | INFO | src.train_recognition | Epoch 2 | Train loss: 3.3876 acc: 0.0989 top5: 0.3646 | Val loss: 3.3799 acc: 0.1022 top5: 0.4178
2025-10-25 20:40:37,194 | INFO | src.train_recognition | Saved improved checkpoint to models/checkpoints/sign_recognition/baseline_cnn_lstm.pt (val acc 0.1022)
2025-10-25 20:45:41,580 | INFO | src.train_recognition | Epoch 3 | Train loss: 3.0923 acc: 0.1483 top5: 0.4920 | Val loss: 3.3941 acc: 0.0844 top5: 0.3244
2025-10-25 20:50:48,212 | INFO | src.train_recognition | Epoch 4 | Train loss: 2.8283 acc: 0.1619 top5: 0.5674 | Val loss: 2.9259 acc: 0.1556 top5: 0.5378
2025-10-25 20:50:48,722 | INFO | src.train_recognition | Saved improved checkpoint to models/checkpoints/sign_recognition/baseline_cnn_lstm.pt (val acc 0.1556)
2025-10-25 20:56:03,216 | INFO | src.train_recognition | Epoch 5 | Train loss: 2.6076 acc: 0.2176 top5: 0.6279 | Val loss: 3.1170 acc: 0.1467 top5: 0.4844
2025-10-25 20:58:56,559 | WARNING | tornado.general | Got events for closed stream <zmq.eventloop.zmqstream.ZMQStream object at 0x7fd864e39650>
2025-10-25 21:01:11,975 | INFO | __main__ | Using device: cuda
2025-10-25 21:01:12,427 | INFO | __main__ | Discovered 54 classes | 809 training videos | 225 validation videos
2025-10-25 21:01:13,215 | INFO | __main__ | Total trainable parameters: 24.94M
2025-10-25 21:01:13,216 | INFO | __main__ | Initial learning rates -> backbone: 3.00e-04 | classifier: 3.00e-04
2025-10-25 21:01:13,216 | INFO | __main__ | Using cosine scheduler without warmup
2025-10-25 21:01:13,216 | INFO | __main__ | Starting training loop
2025-10-25 21:06:26,339 | INFO | __main__ | Epoch 1 | LRs [3.00e-04, 3.00e-04] | Train loss: 3.9589 acc: 0.0519 top5: 0.2040 | Val loss: 3.7571 acc: 0.0356 top5: 0.2400
2025-10-25 21:06:27,175 | INFO | __main__ | Saved improved checkpoint to models/checkpoints/sign_recognition/baseline_cnn_lstm.pt (val acc 0.0356)
2025-10-25 21:11:36,152 | INFO | __main__ | Epoch 2 | LRs [2.99e-04, 2.99e-04] | Train loss: 3.3873 acc: 0.0977 top5: 0.3622 | Val loss: 3.3470 acc: 0.1156 top5: 0.4267
2025-10-25 21:11:36,567 | INFO | __main__ | Saved improved checkpoint to models/checkpoints/sign_recognition/baseline_cnn_lstm.pt (val acc 0.1156)
2025-10-25 21:16:47,963 | INFO | __main__ | Epoch 3 | LRs [2.95e-04, 2.95e-04] | Train loss: 3.0869 acc: 0.1508 top5: 0.4907 | Val loss: 3.4624 acc: 0.0933 top5: 0.3467
2025-10-25 21:22:04,532 | INFO | __main__ | Epoch 4 | LRs [2.89e-04, 2.89e-04] | Train loss: 2.8216 acc: 0.1681 top5: 0.5748 | Val loss: 2.9028 acc: 0.1333 top5: 0.5378
2025-10-25 21:22:05,034 | INFO | __main__ | Saved improved checkpoint to models/checkpoints/sign_recognition/baseline_cnn_lstm.pt (val acc 0.1333)
2025-10-25 21:27:17,136 | INFO | __main__ | Epoch 5 | LRs [2.81e-04, 2.81e-04] | Train loss: 2.5976 acc: 0.2213 top5: 0.6230 | Val loss: 3.1631 acc: 0.1333 top5: 0.4489
2025-10-25 21:32:36,296 | INFO | __main__ | Epoch 6 | LRs [2.71e-04, 2.71e-04] | Train loss: 2.3297 acc: 0.2645 top5: 0.7219 | Val loss: 2.6805 acc: 0.1956 top5: 0.6444
2025-10-25 21:32:36,789 | INFO | __main__ | Saved improved checkpoint to models/checkpoints/sign_recognition/baseline_cnn_lstm.pt (val acc 0.1956)
2025-10-25 21:37:58,832 | INFO | __main__ | Epoch 7 | LRs [2.59e-04, 2.59e-04] | Train loss: 2.2499 acc: 0.2905 top5: 0.7429 | Val loss: 3.0415 acc: 0.1200 top5: 0.5733
2025-10-25 21:43:14,640 | INFO | __main__ | Epoch 8 | LRs [2.46e-04, 2.46e-04] | Train loss: 2.0876 acc: 0.3511 top5: 0.7713 | Val loss: 2.7966 acc: 0.2089 top5: 0.6178
2025-10-25 21:43:15,122 | INFO | __main__ | Saved improved checkpoint to models/checkpoints/sign_recognition/baseline_cnn_lstm.pt (val acc 0.2089)
2025-10-25 21:48:28,784 | INFO | __main__ | Epoch 9 | LRs [2.30e-04, 2.30e-04] | Train loss: 1.8615 acc: 0.3696 top5: 0.8430 | Val loss: 2.5023 acc: 0.2756 top5: 0.7289
2025-10-25 21:48:29,260 | INFO | __main__ | Saved improved checkpoint to models/checkpoints/sign_recognition/baseline_cnn_lstm.pt (val acc 0.2756)
2025-10-25 21:53:42,867 | INFO | __main__ | Epoch 10 | LRs [2.14e-04, 2.14e-04] | Train loss: 1.7292 acc: 0.4339 top5: 0.8875 | Val loss: 2.4976 acc: 0.2756 top5: 0.7378
2025-10-25 21:58:56,299 | INFO | __main__ | Epoch 11 | LRs [1.96e-04, 1.96e-04] | Train loss: 1.6092 acc: 0.4611 top5: 0.8925 | Val loss: 2.3948 acc: 0.3067 top5: 0.7644
2025-10-25 21:58:56,736 | INFO | __main__ | Saved improved checkpoint to models/checkpoints/sign_recognition/baseline_cnn_lstm.pt (val acc 0.3067)
2025-10-25 22:04:11,331 | INFO | __main__ | Epoch 12 | LRs [1.78e-04, 1.78e-04] | Train loss: 1.5342 acc: 0.4845 top5: 0.8838 | Val loss: 2.3791 acc: 0.2844 top5: 0.7733
2025-10-25 22:09:27,704 | INFO | __main__ | Epoch 13 | LRs [1.59e-04, 1.59e-04] | Train loss: 1.4614 acc: 0.5031 top5: 0.9172 | Val loss: 2.4654 acc: 0.2933 top5: 0.7378
2025-10-25 22:14:40,874 | INFO | __main__ | Epoch 14 | LRs [1.41e-04, 1.41e-04] | Train loss: 1.3539 acc: 0.5624 top5: 0.9159 | Val loss: 2.6790 acc: 0.2578 top5: 0.6444
2025-10-25 22:20:15,124 | INFO | __main__ | Epoch 15 | LRs [1.22e-04, 1.22e-04] | Train loss: 1.2671 acc: 0.5735 top5: 0.9295 | Val loss: 2.4607 acc: 0.3111 top5: 0.7467
2025-10-25 22:20:16,545 | INFO | __main__ | Saved improved checkpoint to models/checkpoints/sign_recognition/baseline_cnn_lstm.pt (val acc 0.3111)
2025-10-25 22:25:56,768 | INFO | __main__ | Epoch 16 | LRs [1.04e-04, 1.04e-04] | Train loss: 1.1609 acc: 0.6143 top5: 0.9567 | Val loss: 2.6808 acc: 0.2533 top5: 0.6933
2025-10-25 22:31:58,390 | INFO | __main__ | Epoch 17 | LRs [8.61e-05, 8.61e-05] | Train loss: 1.1323 acc: 0.6156 top5: 0.9444 | Val loss: 2.2593 acc: 0.3200 top5: 0.7333
2025-10-25 22:31:59,256 | INFO | __main__ | Saved improved checkpoint to models/checkpoints/sign_recognition/baseline_cnn_lstm.pt (val acc 0.3200)
2025-10-25 22:38:03,731 | INFO | __main__ | Epoch 18 | LRs [6.96e-05, 6.96e-05] | Train loss: 1.0382 acc: 0.6341 top5: 0.9580 | Val loss: 2.6444 acc: 0.2889 top5: 0.6533
2025-10-25 22:44:29,778 | INFO | __main__ | Epoch 19 | LRs [5.44e-05, 5.44e-05] | Train loss: 0.9308 acc: 0.6712 top5: 0.9703 | Val loss: 2.2497 acc: 0.3467 top5: 0.7556
2025-10-25 22:44:30,713 | INFO | __main__ | Saved improved checkpoint to models/checkpoints/sign_recognition/baseline_cnn_lstm.pt (val acc 0.3467)
2025-10-25 22:50:21,318 | INFO | __main__ | Epoch 20 | LRs [4.07e-05, 4.07e-05] | Train loss: 0.9847 acc: 0.6625 top5: 0.9567 | Val loss: 2.2650 acc: 0.3200 top5: 0.7867
2025-10-25 22:56:23,772 | INFO | __main__ | Epoch 21 | LRs [2.86e-05, 2.86e-05] | Train loss: 0.9127 acc: 0.7120 top5: 0.9679 | Val loss: 2.3467 acc: 0.3378 top5: 0.7378
2025-10-25 23:02:30,703 | INFO | __main__ | Epoch 22 | LRs [1.86e-05, 1.86e-05] | Train loss: 0.8483 acc: 0.7206 top5: 0.9753 | Val loss: 2.4964 acc: 0.3911 top5: 0.6756
2025-10-25 23:02:31,820 | INFO | __main__ | Saved improved checkpoint to models/checkpoints/sign_recognition/baseline_cnn_lstm.pt (val acc 0.3911)
2025-10-25 23:08:38,496 | INFO | __main__ | Epoch 23 | LRs [1.05e-05, 1.05e-05] | Train loss: 0.8536 acc: 0.6972 top5: 0.9716 | Val loss: 2.1406 acc: 0.3867 top5: 0.8044
2025-10-25 23:14:42,584 | INFO | __main__ | Epoch 24 | LRs [4.71e-06, 4.71e-06] | Train loss: 0.8198 acc: 0.7379 top5: 0.9753 | Val loss: 2.2175 acc: 0.3644 top5: 0.7289
2025-10-25 23:21:19,505 | INFO | __main__ | Epoch 25 | LRs [1.18e-06, 1.18e-06] | Train loss: 0.8643 acc: 0.7058 top5: 0.9703 | Val loss: 2.4079 acc: 0.3289 top5: 0.7422
2025-10-25 23:22:43,877 | INFO | __main__ | Final validation accuracy: 0.3911 | Top-5: 0.6756
2025-10-25 23:22:43,878 | INFO | __main__ | Classification report:
                  precision    recall  f1-score   support

          1. Dog       1.00      0.25      0.40         4
          2. Cat       0.50      0.75      0.60         4
         3. Fish       0.67      0.50      0.57         4
        3. happy       0.26      1.00      0.42         5
         4. Bird       0.75      0.75      0.75         4
          4. sad       1.00      1.00      1.00         2
           40. I       1.00      0.20      0.33         5
         41. you       0.00      0.00      0.00         5
     42. T-Shirt       0.00      0.00      0.00         4
          42. he       0.00      0.00      0.00         5
        43. Pant       0.57      1.00      0.73         4
         43. she       0.50      0.20      0.29         5
       44. Shoes       0.00      0.00      0.00         4
          44. it       0.30      0.60      0.40         5
      45. Pocket       1.00      0.25      0.40         4
          45. we       0.00      0.00      0.00         5
    46. Clothing       1.00      0.75      0.86         4
46. you (plural)       0.00      0.00      0.00         5
         47. Red       1.00      0.25      0.40         4
        47. they       0.80      0.80      0.80         5
       48. Green       1.00      0.25      0.40         4
       48. Hello       0.75      0.60      0.67         5
        49. Blue       0.00      0.00      0.00         4
 49. How are you       0.00      0.00      0.00         5
    5. Beautiful       1.00      1.00      1.00         2
          5. Cow       0.80      0.80      0.80         5
     50. Alright       1.00      0.60      0.75         5
      50. Yellow       0.00      0.00      0.00         4
       51. Brown       0.00      0.00      0.00         5
   55. Thank you       0.50      0.60      0.55         5
     56. Pleased       0.30      0.60      0.40         5
         58. Son       0.24      1.00      0.38         4
    59. Daughter       0.00      0.00      0.00         4
        6. Mouse       0.44      1.00      0.62         4
         6. Ugly       1.00      1.00      1.00         2
      60. Mother       0.00      0.00      0.00         4
      61. Father       0.00      0.00      0.00         4
      62. Parent       0.00      0.00      0.00         4
      66. Sunday       0.00      0.00      0.00         3
      67. Monday       1.00      0.67      0.80         3
        7. Horse       0.00      0.00      0.00         4
       73. Today       0.00      0.00      0.00         3
    74. Tomorrow       0.25      0.33      0.29         3
   75. Yesterday       0.43      1.00      0.60         3
       79. Child       0.14      0.25      0.18         4
       8. Animal       0.00      0.00      0.00         4
       80. Adult       0.50      0.50      0.50         4
      81. Friend       0.33      0.25      0.29         4
      82. Player       0.09      0.25      0.13         4
       83. Crowd       0.22      0.50      0.31         4
         92. old       0.20      0.40      0.27         5
       93. young       0.80      0.80      0.80         5
        94. good       0.19      1.00      0.31         5
         95. bad       0.50      0.20      0.29         5

        accuracy                           0.39       225
       macro avg       0.41      0.41      0.36       225
    weighted avg       0.39      0.39      0.34       225

2025-10-25 23:22:43,878 | INFO | __main__ | Confusion matrix:
[[1 0 0 ... 0 0 0]
 [0 3 0 ... 0 0 0]
 [0 0 2 ... 0 0 0]
 ...
 [0 0 0 ... 4 1 0]
 [0 0 0 ... 0 5 0]
 [0 0 0 ... 0 4 1]]
2025-10-29 22:24:07,146 | INFO | __main__ | Using device: cuda
2025-10-29 22:24:08,176 | INFO | __main__ | Discovered 46 classes | 691 training videos | 193 validation videos
2025-10-29 22:26:56,553 | INFO | __main__ | Using device: cuda
2025-10-29 22:26:56,707 | INFO | __main__ | Discovered 46 classes | 691 training videos | 193 validation videos
2025-10-29 22:26:58,143 | INFO | __main__ | Total trainable parameters: 34.27M
2025-10-29 22:26:58,146 | INFO | __main__ | Initial learning rates -> backbone: 1.25e-04 | classifier: 2.50e-04
2025-10-29 22:26:58,146 | INFO | __main__ | Using cosine scheduler with linear warmup (4 epochs, start factor 0.10)
2025-10-29 22:26:58,147 | INFO | __main__ | Starting training loop
2025-10-29 22:27:39,151 | INFO | __main__ | Using device: cuda
2025-10-29 22:27:39,278 | INFO | __main__ | Discovered 46 classes | 691 training videos | 193 validation videos
2025-10-29 22:27:40,045 | INFO | __main__ | Total trainable parameters: 34.27M
2025-10-29 22:27:40,047 | INFO | __main__ | Initial learning rates -> backbone: 1.25e-04 | classifier: 2.50e-04
2025-10-29 22:27:40,047 | INFO | __main__ | Using cosine scheduler with linear warmup (4 epochs, start factor 0.10)
2025-10-29 22:27:40,048 | INFO | __main__ | Starting training loop
2025-10-29 22:37:19,314 | INFO | __main__ | Using device: cuda
2025-10-29 22:37:19,438 | INFO | __main__ | Discovered 46 classes | 691 training videos | 193 validation videos
2025-10-29 22:37:20,090 | INFO | __main__ | Total trainable parameters: 34.27M
2025-10-29 22:37:20,092 | INFO | __main__ | Initial learning rates -> backbone: 1.25e-04 | classifier: 2.50e-04
2025-10-29 22:37:20,093 | INFO | __main__ | Using cosine scheduler with linear warmup (4 epochs, start factor 0.10)
2025-10-29 22:37:20,093 | INFO | __main__ | Starting training loop
2025-10-29 22:41:26,046 | INFO | __main__ | Using device: cuda
2025-10-29 22:41:26,384 | INFO | __main__ | Discovered 46 classes | 691 training videos | 193 validation videos
2025-10-29 22:41:27,270 | INFO | __main__ | Total trainable parameters: 34.27M
2025-10-29 22:41:27,273 | INFO | __main__ | Initial learning rates -> backbone: 1.25e-04 | classifier: 2.50e-04
2025-10-29 22:41:27,273 | INFO | __main__ | Using cosine scheduler with linear warmup (4 epochs, start factor 0.10)
2025-10-29 22:41:27,274 | INFO | __main__ | Starting training loop
2025-10-29 22:43:32,848 | INFO | __main__ | Using device: cuda
2025-10-29 22:43:32,981 | INFO | __main__ | Discovered 46 classes | 691 training videos | 193 validation videos
2025-10-29 22:43:34,032 | INFO | __main__ | Total trainable parameters: 34.27M
2025-10-29 22:43:34,035 | INFO | __main__ | Initial learning rates -> backbone: 1.25e-04 | classifier: 2.50e-04
2025-10-29 22:43:34,036 | INFO | __main__ | Using cosine scheduler with linear warmup (4 epochs, start factor 0.10)
2025-10-29 22:43:34,050 | INFO | __main__ | Starting training loop
2025-10-29 22:52:43,953 | INFO | __main__ | Using device: cuda
2025-10-29 22:52:44,258 | INFO | __main__ | Discovered 46 classes | 691 training videos | 193 validation videos
2025-10-29 22:52:45,332 | INFO | __main__ | Total trainable parameters: 34.27M
2025-10-29 22:52:45,337 | INFO | __main__ | Initial learning rates -> backbone: 1.25e-04 | classifier: 2.50e-04
2025-10-29 22:52:45,338 | INFO | __main__ | Using cosine scheduler with linear warmup (4 epochs, start factor 0.10)
2025-10-29 22:52:45,366 | INFO | __main__ | Starting training loop
2025-10-29 22:56:13,971 | INFO | __main__ | Using device: cuda
2025-10-29 22:56:14,299 | INFO | __main__ | Discovered 46 classes | 691 training videos | 193 validation videos
2025-10-29 22:56:15,429 | INFO | __main__ | Total trainable parameters: 34.27M
2025-10-29 22:56:15,433 | INFO | __main__ | Initial learning rates -> backbone: 1.25e-04 | classifier: 2.50e-04
2025-10-29 22:56:15,434 | INFO | __main__ | Using cosine scheduler with linear warmup (4 epochs, start factor 0.10)
2025-10-29 22:56:15,435 | INFO | __main__ | Starting training loop
2025-10-29 23:01:52,770 | INFO | __main__ | Epoch 1 | LRs [1.25e-05, 2.50e-05] | Train loss: 3.8992 acc: 0.0449 top5: 0.1650 | Val loss: 3.8216 acc: 0.0155 top5: 0.1606
2025-10-29 23:01:53,080 | INFO | __main__ | Saved improved checkpoint to models/checkpoints/sign_recognition/mvit_v2_s_sign_recognition.pt (val acc 0.0155)
2025-10-29 23:07:33,461 | INFO | __main__ | Epoch 2 | LRs [4.06e-05, 8.13e-05] | Train loss: 3.5964 acc: 0.0854 top5: 0.3155 | Val loss: 3.4500 acc: 0.1244 top5: 0.4301
2025-10-29 23:07:34,485 | INFO | __main__ | Saved improved checkpoint to models/checkpoints/sign_recognition/mvit_v2_s_sign_recognition.pt (val acc 0.1244)
2025-10-29 23:13:17,168 | INFO | __main__ | Epoch 3 | LRs [6.88e-05, 1.38e-04] | Train loss: 2.9449 acc: 0.2431 top5: 0.5832 | Val loss: 2.7940 acc: 0.2591 top5: 0.7098
2025-10-29 23:13:17,614 | INFO | __main__ | Saved improved checkpoint to models/checkpoints/sign_recognition/mvit_v2_s_sign_recognition.pt (val acc 0.2591)
2025-10-29 23:19:08,819 | INFO | __main__ | Epoch 4 | LRs [9.69e-05, 1.94e-04] | Train loss: 2.3301 acc: 0.3603 top5: 0.8003 | Val loss: 2.2444 acc: 0.3575 top5: 0.8135
2025-10-29 23:19:09,622 | INFO | __main__ | Saved improved checkpoint to models/checkpoints/sign_recognition/mvit_v2_s_sign_recognition.pt (val acc 0.3575)
2025-10-29 23:24:49,896 | INFO | __main__ | Epoch 5 | LRs [1.25e-04, 2.50e-04] | Train loss: 1.8308 acc: 0.5036 top5: 0.8987 | Val loss: 1.7958 acc: 0.5544 top5: 0.8808
2025-10-29 23:24:50,888 | INFO | __main__ | Saved improved checkpoint to models/checkpoints/sign_recognition/mvit_v2_s_sign_recognition.pt (val acc 0.5544)
2025-10-29 23:30:03,346 | INFO | __main__ | Epoch 6 | LRs [1.25e-04, 2.50e-04] | Train loss: 1.6105 acc: 0.5630 top5: 0.9161 | Val loss: 1.4634 acc: 0.5803 top5: 0.9689
2025-10-29 23:30:03,776 | INFO | __main__ | Saved improved checkpoint to models/checkpoints/sign_recognition/mvit_v2_s_sign_recognition.pt (val acc 0.5803)
2025-10-29 23:35:15,854 | INFO | __main__ | Epoch 7 | LRs [1.24e-04, 2.48e-04] | Train loss: 1.3260 acc: 0.6498 top5: 0.9696 | Val loss: 1.2370 acc: 0.7202 top5: 0.9793
2025-10-29 23:35:16,304 | INFO | __main__ | Saved improved checkpoint to models/checkpoints/sign_recognition/mvit_v2_s_sign_recognition.pt (val acc 0.7202)
2025-10-29 23:40:26,901 | INFO | __main__ | Epoch 8 | LRs [1.23e-04, 2.46e-04] | Train loss: 1.1739 acc: 0.7120 top5: 0.9740 | Val loss: 1.2444 acc: 0.7047 top5: 0.9896
2025-10-29 23:45:37,895 | INFO | __main__ | Epoch 9 | LRs [1.21e-04, 2.42e-04] | Train loss: 1.0879 acc: 0.7496 top5: 0.9841 | Val loss: 1.0459 acc: 0.7668 top5: 0.9896
2025-10-29 23:45:38,336 | INFO | __main__ | Saved improved checkpoint to models/checkpoints/sign_recognition/mvit_v2_s_sign_recognition.pt (val acc 0.7668)
2025-10-29 23:50:51,924 | INFO | __main__ | Epoch 10 | LRs [1.19e-04, 2.38e-04] | Train loss: 1.0787 acc: 0.7699 top5: 0.9768 | Val loss: 0.9734 acc: 0.7927 top5: 0.9948
2025-10-29 23:50:53,088 | INFO | __main__ | Saved improved checkpoint to models/checkpoints/sign_recognition/mvit_v2_s_sign_recognition.pt (val acc 0.7927)
2025-10-29 23:56:06,528 | INFO | __main__ | Epoch 11 | LRs [1.17e-04, 2.33e-04] | Train loss: 0.9694 acc: 0.7916 top5: 0.9884 | Val loss: 0.9937 acc: 0.7824 top5: 0.9948
